<?xml version="1.0" encoding="UTF-8"?>
<!-- Generated by org.testng.reporters.JUnitReportReporter -->
<testsuite hostname="GXNB-PG03THKB" failures="0" tests="4" name="com.demo.datadriven.LoginToApp" time="60.880" errors="0" timestamp="2023-12-04T17:55:14 IST" skipped="0">
  <testcase classname="com.demo.datadriven.LoginToApp" name="loginToApplication" time="9.374"/>
  <system-out/>
  <testcase classname="com.demo.datadriven.LoginToApp" name="loginToApplication" time="10.854"/>
  <system-out/>
  <testcase classname="com.demo.datadriven.LoginToApp" name="loginToApplication" time="10.074"/>
  <system-out/>
  <testcase classname="com.demo.datadriven.LoginToApp" name="loginToApplication" time="30.578"/>
  <system-out/>
</testsuite> <!-- com.demo.datadriven.LoginToApp -->
