<?xml version="1.0" encoding="UTF-8"?>
<!-- Generated by org.testng.reporters.JUnitReportReporter -->
<testsuite hostname="GXNB-PF2ZKZ58" failures="0" tests="4" name="com.demo.datadriven.LoginToAppExcel" time="24.757" errors="0" timestamp="2023-11-27T13:01:42 IST" skipped="0">
  <testcase classname="com.demo.datadriven.LoginToAppExcel" name="loginToApplication" time="6.190"/>
  <system-out/>
  <testcase classname="com.demo.datadriven.LoginToAppExcel" name="loginToApplication" time="6.178"/>
  <system-out/>
  <testcase classname="com.demo.datadriven.LoginToAppExcel" name="loginToApplication" time="6.173"/>
  <system-out/>
  <testcase classname="com.demo.datadriven.LoginToAppExcel" name="loginToApplication" time="6.216"/>
  <system-out/>
</testsuite> <!-- com.demo.datadriven.LoginToAppExcel -->
